IP Upgrade report for SistemaRiscV
Thu Apr 22 10:49:44 2021
Quartus Prime Version 17.1.0 Build 590 10/25/2017 SJ Lite Edition


---------------------
; Table of Contents ;
---------------------
  1. Legal Notice
  2. IP Upgrade Summary
  3. Successfully Upgraded IP Components
  4. IP Upgrade Messages



----------------
; Legal Notice ;
----------------
Copyright (C) 2017  Intel Corporation. All rights reserved.
Your use of Intel Corporation's design tools, logic functions 
and other software and tools, and its AMPP partner logic 
functions, and any output files from any of the foregoing 
(including device programming or simulation files), and any 
associated documentation or information are expressly subject 
to the terms and conditions of the Intel Program License 
Subscription Agreement, the Intel Quartus Prime License Agreement,
the Intel FPGA IP License Agreement, or other applicable license
agreement, including, without limitation, that your use is for
the sole purpose of programming logic devices manufactured by
Intel and sold by Intel or its authorized distributors.  Please
refer to the applicable agreement for further details.



+----------------------------------------------------------------------------+
; IP Upgrade Summary                                                         ;
+------------------------------+---------------------------------------------+
; IP Components Upgrade Status ; Passed - Thu Apr 22 10:49:44 2021           ;
; Quartus Prime Version        ; 17.1.0 Build 590 10/25/2017 SJ Lite Edition ;
; Revision Name                ; SistemaRiscV                                ;
; Top-level Entity Name        ; SistemaRiscV                                ;
; Family                       ; Cyclone IV E                                ;
+------------------------------+---------------------------------------------+


+----------------------------------------------------------------------------------------------------------------------------+
; Successfully Upgraded IP Components                                                                                        ;
+-------------------+----------------+---------+------------------------+------------------------+-----------------+---------+
; Entity Name       ; Component Name ; Version ; Original Source File   ; Generation File Path   ; New Source File ; Message ;
+-------------------+----------------+---------+------------------------+------------------------+-----------------+---------+
; FINAL_SYSTEM_QSYS ; Qsys           ; N/A     ; FINAL_SYSTEM_QSYS.qsys ; FINAL_SYSTEM_QSYS.qsys ;                 ;         ;
+-------------------+----------------+---------+------------------------+------------------------+-----------------+---------+


+---------------------+
; IP Upgrade Messages ;
+---------------------+
Info (11902): Backing up file "FINAL_SYSTEM_QSYS.qsys" to "FINAL_SYSTEM_QSYS.BAK.qsys"
Info (11837): Started upgrading IP component Qsys with file "FINAL_SYSTEM_QSYS.qsys"
Info: 2021.04.22.10:49:44 Info: Starting to upgrade the IP cores in the Platform Designer system
Info: 2021.04.22.10:49:44 Info: Finished upgrading the ip cores
Info (11131): Completed upgrading IP component Qsys with file "FINAL_SYSTEM_QSYS.qsys"
Info (23030): Evaluation of Tcl script c:/intelfpga_lite/17.1/quartus/common/tcl/internal/ip_regen/ip_regen.tcl was successful
Info: Quartus Prime Shell was successful. 0 errors, 0 warnings
    Info: Peak virtual memory: 4850 megabytes
    Info: Processing ended: Thu Apr 22 10:49:44 2021
    Info: Elapsed time: 00:00:19
    Info: Total CPU time (on all processors): 00:00:47


